<?xml version="1.0" encoding="UTF-8"?>
<!-- Generated by org.testng.reporters.JUnitReportReporter -->
<testsuite hostname="DESKTOP-SHIVASHANKAR" failures="0" tests="1" name="com.SignupModuleTest.LoginPageTest" time="32.321" errors="0" timestamp="2024-08-20T13:04:55 IST" skipped="0">
  <testcase classname="com.SignupModuleTest.LoginPageTest" name="test_Enter_MobileNumber" time="32.321"/>
</testsuite> <!-- com.SignupModuleTest.LoginPageTest -->
