<?xml version="1.0" encoding="UTF-8"?>
<!-- Generated by org.testng.reporters.JUnitReportReporter -->
<testsuite hostname="DESKTOP-SHIVASHANKAR" failures="0" tests="1" name="Com.Base.LaunchBrowser" time="10.718" errors="0" timestamp="2024-09-04T16:16:58 IST" skipped="0">
  <testcase classname="Com.Base.LaunchBrowser" name="copy_patse" time="10.718"/>
</testsuite> <!-- Com.Base.LaunchBrowser -->
