<?xml version="1.0" encoding="UTF-8"?>
<!-- Generated by org.testng.reporters.JUnitReportReporter -->
<testsuite hostname="DESKTOP-SHIVASHANKAR" failures="0" tests="1" name="com.FilterModuleTest.FilterAnkletsPageTest" time="10.754" errors="0" timestamp="2024-10-09T14:49:28 IST" skipped="0">
  <testcase classname="com.FilterModuleTest.FilterAnkletsPageTest" name="test_SubcategoryProductEreeNotDisplayingFilterIfNoProduct" time="10.754"/>
</testsuite> <!-- com.FilterModuleTest.FilterAnkletsPageTest -->
