<?xml version="1.0" encoding="UTF-8"?>
<!-- Generated by org.testng.reporters.JUnitReportReporter -->
<testsuite hostname="DESKTOP-SHIVASHANKAR" failures="0" tests="1" name="com.Checkout_ModuleTest.CheckOutPageTest" time="11.364" errors="0" timestamp="2024-09-24T17:15:46 IST" skipped="0">
  <testcase classname="com.Checkout_ModuleTest.CheckOutPageTest" name="testPayWithText" time="11.364"/>
</testsuite> <!-- com.Checkout_ModuleTest.CheckOutPageTest -->
