<?xml version="1.0" encoding="UTF-8"?>
<!-- Generated by org.testng.reporters.JUnitReportReporter -->
<testsuite hostname="DESKTOP-SHIVASHANKAR" failures="0" tests="9" name="com.SignupModuleTest.LoginPageTest" time="51.289" errors="0" timestamp="2024-09-20T17:01:48 IST" skipped="0">
  <testcase classname="com.SignupModuleTest.LoginPageTest" name="test_Without_Enter_Mob" time="4.356"/>
  <testcase classname="com.SignupModuleTest.LoginPageTest" name="test_EnterInvalidData" time="2.252"/>
  <testcase classname="com.SignupModuleTest.LoginPageTest" name="test_isTextDisplayToEnjoyASeamlessShoppingExperience" time="1.098"/>
  <testcase classname="com.SignupModuleTest.LoginPageTest" name="test_LoginText_Display" time="1.045"/>
  <testcase classname="com.SignupModuleTest.LoginPageTest" name="test_PhoneNumberIsDisplay" time="0.027"/>
  <testcase classname="com.SignupModuleTest.LoginPageTest" name="test_ContinuButtonDisplay" time="0.029"/>
  <testcase classname="com.SignupModuleTest.LoginPageTest" name="Test_EnterWithoutRegisterMobileNumber" time="6.163"/>
  <testcase classname="com.SignupModuleTest.LoginPageTest" name="Test_AlreadyRegisterUserButAccountDeleted" time="6.317"/>
  <testcase classname="com.SignupModuleTest.LoginPageTest" name="test_Enter_MobileNumber" time="30.002"/>
</testsuite> <!-- com.SignupModuleTest.LoginPageTest -->
