<?xml version="1.0" encoding="UTF-8"?>
<!-- Generated by org.testng.reporters.JUnitReportReporter -->
<testsuite hostname="DESKTOP-SHIVASHANKAR" failures="0" tests="8" name="com.HomeModuleTest.HomePage_MatrikaPromisesTest" time="62.504" errors="0" timestamp="2024-09-27T16:28:04 IST" skipped="0">
  <testcase classname="com.HomeModuleTest.HomePage_MatrikaPromisesTest" name="test_AssuredLifeTimeMaintenance" time="9.184"/>
  <testcase classname="com.HomeModuleTest.HomePage_MatrikaPromisesTest" name="Purity24K" time="8.394"/>
  <testcase classname="com.HomeModuleTest.HomePage_MatrikaPromisesTest" name="EasyExchange" time="7.397"/>
  <testcase classname="com.HomeModuleTest.HomePage_MatrikaPromisesTest" name="yourJewelleryisInSured" time="7.480"/>
  <testcase classname="com.HomeModuleTest.HomePage_MatrikaPromisesTest" name="Days14Return" time="7.628"/>
  <testcase classname="com.HomeModuleTest.HomePage_MatrikaPromisesTest" name="GuaranteedBuyback" time="7.314"/>
  <testcase classname="com.HomeModuleTest.HomePage_MatrikaPromisesTest" name="completeTransparency" time="7.543"/>
  <testcase classname="com.HomeModuleTest.HomePage_MatrikaPromisesTest" name="Security" time="7.564"/>
</testsuite> <!-- com.HomeModuleTest.HomePage_MatrikaPromisesTest -->
