<?xml version="1.0" encoding="UTF-8"?>
<!-- Generated by org.testng.reporters.JUnitReportReporter -->
<testsuite hostname="DESKTOP-SHIVASHANKAR" failures="0" tests="3" name="com.GiftCardModuleTest.GiflCartProfileTest" time="16.390" errors="0" timestamp="2024-11-04T12:19:54 IST" skipped="2">
  <testcase classname="com.GiftCardModuleTest.GiflCartProfileTest" name="test_NoProductMsgIsDisplayy" time="16.390"/>
  <testcase classname="com.GiftCardModuleTest.GiflCartProfileTest" name="GiftCartDetails">
    <skipped/>
  </testcase> <!-- GiftCartDetails -->
  <testcase classname="com.GiftCardModuleTest.GiflCartProfileTest" name="test_NavigateToGiftCardPage">
    <skipped/>
  </testcase> <!-- test_NavigateToGiftCardPage -->
</testsuite> <!-- com.GiftCardModuleTest.GiflCartProfileTest -->
