<?xml version="1.0" encoding="UTF-8"?>
<!-- Generated by org.testng.reporters.JUnitReportReporter -->
<testsuite hostname="DESKTOP-SHIVASHANKAR" failures="0" tests="1" name="com.HomeModuleTest.HomePage_AccountBeforeloginTest" time="66.501" errors="0" timestamp="2024-09-21T15:43:04 IST" skipped="0">
  <testcase classname="com.HomeModuleTest.HomePage_AccountBeforeloginTest" name="test_ResetButtonDisplayorNot" time="66.501"/>
</testsuite> <!-- com.HomeModuleTest.HomePage_AccountBeforeloginTest -->
