<?xml version="1.0" encoding="UTF-8"?>
<!-- Generated by org.testng.reporters.JUnitReportReporter -->
<testsuite hostname="DESKTOP-SHIVASHANKAR" failures="0" tests="1" name="com.CategoryModuleTest.AnkletsPageTest" time="13.624" errors="0" timestamp="2024-10-09T12:43:37 IST" skipped="0">
  <testcase classname="com.CategoryModuleTest.AnkletsPageTest" name="test_FilterTextDisplay" time="13.624"/>
</testsuite> <!-- com.CategoryModuleTest.AnkletsPageTest -->
