<?xml version="1.0" encoding="UTF-8"?>
<!-- Generated by org.testng.reporters.JUnitReportReporter -->
<testsuite hostname="DESKTOP-SHIVASHANKAR" failures="0" tests="1" name="com.HomeModuleTest.HomePage_AccountAfterLoginTest" time="7.887" errors="0" timestamp="2024-09-21T12:55:04 IST" skipped="0">
  <testcase classname="com.HomeModuleTest.HomePage_AccountAfterLoginTest" name="Test_LogoutcancelButtonDisplayDisplayNot" time="7.887"/>
</testsuite> <!-- com.HomeModuleTest.HomePage_AccountAfterLoginTest -->
