<?xml version="1.0" encoding="UTF-8"?>
<!-- Generated by org.testng.reporters.JUnitReportReporter -->
<testsuite hostname="DESKTOP-SHIVASHANKAR" failures="0" tests="1" name="com.ProductSelectTest.SelectCatTest" time="5.936" errors="0" timestamp="2024-09-10T11:36:12 IST" skipped="0">
  <testcase classname="com.ProductSelectTest.SelectCatTest" name="Test_SelectCheck" time="5.936"/>
</testsuite> <!-- com.ProductSelectTest.SelectCatTest -->
