<?xml version="1.0" encoding="UTF-8"?>
<!-- Generated by org.testng.reporters.JUnitReportReporter -->
<testsuite hostname="DESKTOP-SHIVASHANKAR" failures="0" tests="1" name="com.SignupModuleTest.SelectPageTest" time="5.093" errors="0" timestamp="2024-08-21T14:19:03 IST" skipped="0">
  <testcase classname="com.SignupModuleTest.SelectPageTest" name="Test_SelectCat" time="5.093"/>
</testsuite> <!-- com.SignupModuleTest.SelectPageTest -->
