<?xml version="1.0" encoding="UTF-8"?>
<!-- Generated by org.testng.reporters.JUnitReportReporter -->
<testsuite hostname="DESKTOP-SHIVASHANKAR" failures="0" tests="1" name="com.LoginModuleTest.LoginPageTest" time="30.355" errors="0" timestamp="2024-09-27T10:15:06 IST" skipped="0">
  <testcase classname="com.LoginModuleTest.LoginPageTest" name="test_Enter_MobileNumber" time="30.355"/>
</testsuite> <!-- com.LoginModuleTest.LoginPageTest -->
