<?xml version="1.0" encoding="UTF-8"?>
<!-- Generated by org.testng.reporters.JUnitReportReporter -->
<testsuite hostname="DESKTOP-SHIVASHANKAR" failures="0" tests="12" name="com.SignupModuleTest.SignupPageTest" time="59.677" errors="0" timestamp="2024-08-20T16:02:20 IST" skipped="0">
  <testcase classname="com.SignupModuleTest.SignupPageTest" name="testAccountButtonIsDisplayed" time="4.241"/>
  <testcase classname="com.SignupModuleTest.SignupPageTest" name="testSignupButtonIsDisplayed" time="4.133"/>
  <testcase classname="com.SignupModuleTest.SignupPageTest" name="testSignupTextIsDisplayed" time="2.033"/>
  <testcase classname="com.SignupModuleTest.SignupPageTest" name="testEnterNameIsDisplayed" time="2.037"/>
  <testcase classname="com.SignupModuleTest.SignupPageTest" name="testEnterMailIDIsDisplayed" time="2.042"/>
  <testcase classname="com.SignupModuleTest.SignupPageTest" name="testEnterMobileNumberIsDisplayed" time="2.060"/>
  <testcase classname="com.SignupModuleTest.SignupPageTest" name="testEnterReferralCodeIsDisplayed" time="2.069"/>
  <testcase classname="com.SignupModuleTest.SignupPageTest" name="testClickCheckBoxIsDisplayed" time="2.073"/>
  <testcase classname="com.SignupModuleTest.SignupPageTest" name="testCreateAccountButtonIsDisplayed" time="2.077"/>
  <testcase classname="com.SignupModuleTest.SignupPageTest" name="testLoginButtonIsDisplayed" time="2.069"/>
  <testcase classname="com.SignupModuleTest.SignupPageTest" name="test_Enter_Invalid_signup_Data" time="15.133"/>
  <testcase classname="com.SignupModuleTest.SignupPageTest" name="test_Enter_valid_signup_Data" time="19.710"/>
</testsuite> <!-- com.SignupModuleTest.SignupPageTest -->
