<?xml version="1.0" encoding="UTF-8"?>
<!-- Generated by org.testng.reporters.JUnitReportReporter -->
<testsuite hostname="DESKTOP-SHIVASHANKAR" failures="0" tests="2" name="com.WishCartModuleTest.wishlistPageTest" time="25.371" errors="0" timestamp="2024-08-30T14:20:15 IST" skipped="0">
  <testcase classname="com.WishCartModuleTest.wishlistPageTest" name="test_ProductIsDisplayOrNot" time="13.305"/>
  <testcase classname="com.WishCartModuleTest.wishlistPageTest" name="setup" time="12.066"/>
</testsuite> <!-- com.WishCartModuleTest.wishlistPageTest -->
