<?xml version="1.0" encoding="UTF-8"?>
<!-- Generated by org.testng.reporters.JUnitReportReporter -->
<testsuite hostname="DESKTOP-SHIVASHANKAR" failures="0" tests="1" name="com.WishCartModuleTest.wishlistPageTest" time="10.044" errors="0" timestamp="2024-09-26T17:47:46 IST" skipped="0">
  <testcase classname="com.WishCartModuleTest.wishlistPageTest" name="test_WishbuttonProductIsdisplayOrNot" time="10.044"/>
</testsuite> <!-- com.WishCartModuleTest.wishlistPageTest -->
