<?xml version="1.0" encoding="UTF-8"?>
<!-- Generated by org.testng.reporters.JUnitReportReporter -->
<testsuite hostname="DESKTOP-SHIVASHANKAR" failures="0" tests="1" name="com.HomeModuleTest.HomePageTest" time="13.872" errors="0" timestamp="2024-09-27T15:48:51 IST" skipped="0">
  <testcase classname="com.HomeModuleTest.HomePageTest" name="test_carttButtonIsDisplay" time="13.872"/>
</testsuite> <!-- com.HomeModuleTest.HomePageTest -->
