<?xml version="1.0" encoding="UTF-8"?>
<!-- Generated by org.testng.reporters.JUnitReportReporter -->
<testsuite hostname="DESKTOP-SHIVASHANKAR" failures="0" tests="1" name="com.WishCartModuleTest.wishlistPageTest" time="10.068" errors="0" timestamp="2024-09-27T15:38:38 IST" skipped="0">
  <testcase classname="com.WishCartModuleTest.wishlistPageTest" name="test_WishbuttonProductIsdisplayOrNot" time="10.068"/>
</testsuite> <!-- com.WishCartModuleTest.wishlistPageTest -->
