<?xml version="1.0" encoding="UTF-8"?>
<!-- Generated by org.testng.reporters.JUnitReportReporter -->
<testsuite hostname="DESKTOP-SHIVASHANKAR" failures="0" tests="1" name="Com.Base.LaunchBrowser" time="10.151" errors="0" timestamp="2024-08-13T12:14:29 IST" skipped="0">
  <testcase classname="Com.Base.LaunchBrowser" name="SetBrowser" time="10.151"/>
</testsuite> <!-- Com.Base.LaunchBrowser -->
