<?xml version="1.0" encoding="UTF-8"?>
<!-- Generated by org.testng.reporters.JUnitReportReporter -->
<testsuite hostname="DESKTOP-SHIVASHANKAR" failures="0" tests="1" name="Com.Filter_Module.TestNG" time="0.007" errors="0" timestamp="2024-10-19T16:53:43 IST" skipped="0">
  <testcase classname="Com.Filter_Module.TestNG" name="m1" time="0.007"/>
</testsuite> <!-- Com.Filter_Module.TestNG -->
