<?xml version="1.0" encoding="UTF-8"?>
<!-- Generated by org.testng.reporters.JUnitReportReporter -->
<testsuite hostname="DESKTOP-SHIVASHANKAR" failures="0" tests="1" name="com.WishCartModuleTest.WishlistAfterLoginPageTest" time="10.395" errors="0" timestamp="2024-09-26T17:43:10 IST" skipped="0">
  <testcase classname="com.WishCartModuleTest.WishlistAfterLoginPageTest" name="test_movecartButtonDisplayOrNot" time="10.395"/>
</testsuite> <!-- com.WishCartModuleTest.WishlistAfterLoginPageTest -->
