<?xml version="1.0" encoding="UTF-8"?>
<!-- Generated by org.testng.reporters.JUnitReportReporter -->
<testsuite hostname="DESKTOP-SHIVASHANKAR" failures="0" tests="1" name="com.SignupModuleTest.BaseTest" time="17.392" errors="0" timestamp="2024-08-14T11:12:38 IST" skipped="0">
  <testcase classname="com.SignupModuleTest.BaseTest" name="setup" time="17.392"/>
</testsuite> <!-- com.SignupModuleTest.BaseTest -->
