<?xml version="1.0" encoding="UTF-8"?>
<!-- Generated by org.testng.reporters.JUnitReportReporter -->
<testsuite hostname="DESKTOP-SHIVASHANKAR" failures="0" tests="1" name="com.cartModuleTest.CartPageTest" time="10.829" errors="0" timestamp="2024-09-24T17:04:27 IST" skipped="0">
  <testcase classname="com.cartModuleTest.CartPageTest" name="test_CheckOutButtonDisplayOrNot" time="10.829"/>
</testsuite> <!-- com.cartModuleTest.CartPageTest -->
