<?xml version="1.0" encoding="UTF-8"?>
<!-- Generated by org.testng.reporters.JUnitReportReporter -->
<testsuite hostname="DESKTOP-SHIVASHANKAR" failures="0" tests="2" name="com.HomeModuleTest.HomePageTest" time="23.291" errors="0" timestamp="2024-09-18T15:06:31 IST" skipped="0">
  <testcase classname="com.HomeModuleTest.HomePageTest" name="setup" time="13.732"/>
  <testcase classname="com.HomeModuleTest.HomePageTest" name="test_whatsappbtnclikable" time="9.559"/>
</testsuite> <!-- com.HomeModuleTest.HomePageTest -->
