<?xml version="1.0" encoding="UTF-8"?>
<!-- Generated by org.testng.reporters.JUnitReportReporter -->
<testsuite hostname="DESKTOP-SHIVASHANKAR" failures="0" tests="1" name="com.SignupModuleTest.BaseTest" time="34.401" errors="0" timestamp="2024-09-02T13:04:41 IST" skipped="0">
  <testcase classname="com.SignupModuleTest.BaseTest" name="setup" time="34.401"/>
</testsuite> <!-- com.SignupModuleTest.BaseTest -->
