<?xml version="1.0" encoding="UTF-8"?>
<!-- Generated by org.testng.reporters.JUnitReportReporter -->
<testsuite hostname="DESKTOP-SHIVASHANKAR" failures="0" tests="1" name="com.WishCartModuleTest.WishlistBeforeLoginPageTest" time="1.444" errors="0" timestamp="2024-09-26T17:46:23 IST" skipped="0">
  <testcase classname="com.WishCartModuleTest.WishlistBeforeLoginPageTest" name="test_SignupButtonDisplayOrNot" time="1.444"/>
</testsuite> <!-- com.WishCartModuleTest.WishlistBeforeLoginPageTest -->
