<?xml version="1.0" encoding="UTF-8"?>
<!-- Generated by org.testng.reporters.JUnitReportReporter -->
<testsuite hostname="DESKTOP-SHIVASHANKAR" failures="0" tests="1" name="com.FilterModuleTest.FilterNosePageTest" time="14.401" errors="0" timestamp="2024-10-04T15:22:20 IST" skipped="0">
  <testcase classname="com.FilterModuleTest.FilterNosePageTest" name="test_GoldDropdownDisplaysNosepins" time="14.401"/>
</testsuite> <!-- com.FilterModuleTest.FilterNosePageTest -->
