<?xml version="1.0" encoding="UTF-8"?>
<!-- Generated by org.testng.reporters.JUnitReportReporter -->
<testsuite hostname="DESKTOP-SHIVASHANKAR" failures="0" tests="1" name="com.FilterModuleTest.FilterNosePageTest" time="29.075" errors="0" timestamp="2024-10-10T17:49:56 IST" skipped="0">
  <testcase classname="com.FilterModuleTest.FilterNosePageTest" name="test_SilverDropdownDisplaysNosepins" time="29.075"/>
</testsuite> <!-- com.FilterModuleTest.FilterNosePageTest -->
