<?xml version="1.0" encoding="UTF-8"?>
<!-- Generated by org.testng.reporters.JUnitReportReporter -->
<testsuite hostname="DESKTOP-SHIVASHANKAR" failures="0" tests="1" name="com.Base.LaunchBrowser" time="10.426" errors="0" timestamp="2024-09-30T10:09:17 IST" skipped="0">
  <testcase classname="com.Base.LaunchBrowser" name="SetBrowser" time="10.426"/>
</testsuite> <!-- com.Base.LaunchBrowser -->
