<?xml version="1.0" encoding="UTF-8"?>
<!-- Generated by org.testng.reporters.JUnitReportReporter -->
<testsuite hostname="DESKTOP-SHIVASHANKAR" failures="0" tests="2" name="com.HomeModuleTest.HomePageTest" time="77.039" errors="0" timestamp="2024-09-06T12:36:38 IST" skipped="0">
  <testcase classname="com.HomeModuleTest.HomePageTest" name="setup" time="48.527"/>
  <testcase classname="com.HomeModuleTest.HomePageTest" name="test_FestiveAndBridesJewelleryTextDisplayOrNot" time="28.512"/>
</testsuite> <!-- com.HomeModuleTest.HomePageTest -->
