<?xml version="1.0" encoding="UTF-8"?>
<!-- Generated by org.testng.reporters.JUnitReportReporter -->
<testsuite hostname="DESKTOP-SHIVASHANKAR" failures="0" tests="2" name="com.WishCartModuleTest.wishlistPageTest" time="26.219" errors="0" timestamp="2024-09-02T13:04:41 IST" skipped="0">
  <testcase classname="com.WishCartModuleTest.wishlistPageTest" name="setup" time="17.777"/>
  <testcase classname="com.WishCartModuleTest.wishlistPageTest" name="test_WishbuttonIsClickable" time="8.442"/>
</testsuite> <!-- com.WishCartModuleTest.wishlistPageTest -->
